This is XeTeX, Version 3.14159265-2.6-0.99992 (TeX Live 2015/Debian) (preloaded format=xelatex 2017.5.15)  4 JUN 2017 15:25
entering extended mode
 restricted \write18 enabled.
 %&-line parsing enabled.
**kursinis.tex
(./kursinis.tex
LaTeX2e <2016/02/01>
Babel <3.9q> and hyphenation patterns for 81 language(s) loaded.

! LaTeX Error: File `VUMIFInfKursinis.cls' not found.

Type X to quit or <RETURN> to proceed,
or enter new name. (Default extension: cls)

Enter file name: 
! Emergency stop.
<read *> 
         
l.2 \usepackage
               {algorithmicx}^^M
*** (cannot \read from terminal in nonstop modes)

 
Here is how much of TeX's memory you used:
 9 strings out of 493638
 139 string characters out of 6146796
 53578 words of memory out of 5000000
 3508 multiletter control sequences out of 15000+600000
 3640 words of font info for 14 fonts, out of 8000000 for 9000
 1328 hyphenation exceptions out of 8191
 10i,0n,7p,66b,8s stack positions out of 5000i,500n,10000p,200000b,80000s
No pages of output.
